This is pdfTeX, Version 3.14159265-2.6-1.40.16 (TeX Live 2015/Debian) (preloaded format=pdflatex 2017.8.23)  9 NOV 2017 15:16
entering extended mode
 restricted \write18 enabled.
 %&-line parsing enabled.
**S6.tex
(./S6.tex
LaTeX2e <2016/02/01>
Babel <3.9q> and hyphenation patterns for 16 language(s) loaded.
(/usr/share/texlive/texmf-dist/tex/latex/base/article.cls
Document Class: article 2014/09/29 v1.4h Standard LaTeX document class
(/usr/share/texlive/texmf-dist/tex/latex/base/size12.clo
File: size12.clo 2014/09/29 v1.4h Standard LaTeX file (size option)
)
\c@part=\count79
\c@section=\count80
\c@subsection=\count81
\c@subsubsection=\count82
\c@paragraph=\count83
\c@subparagraph=\count84
\c@figure=\count85
\c@table=\count86
\abovecaptionskip=\skip41
\belowcaptionskip=\skip42
\bibindent=\dimen102
)
(/usr/share/texlive/texmf-dist/tex/latex/graphics/graphicx.sty
Package: graphicx 2014/10/28 v1.0g Enhanced LaTeX Graphics (DPC,SPQR)

(/usr/share/texlive/texmf-dist/tex/latex/graphics/keyval.sty
Package: keyval 2014/10/28 v1.15 key=value parser (DPC)
\KV@toks@=\toks14
)
(/usr/share/texlive/texmf-dist/tex/latex/graphics/graphics.sty
Package: graphics 2016/01/03 v1.0q Standard LaTeX Graphics (DPC,SPQR)

(/usr/share/texlive/texmf-dist/tex/latex/graphics/trig.sty
Package: trig 2016/01/03 v1.10 sin cos tan (DPC)
)
(/usr/share/texlive/texmf-dist/tex/latex/latexconfig/graphics.cfg
File: graphics.cfg 2010/04/23 v1.9 graphics configuration of TeX Live
)
Package graphics Info: Driver file: pdftex.def on input line 95.

(/usr/share/texlive/texmf-dist/tex/latex/pdftex-def/pdftex.def
File: pdftex.def 2011/05/27 v0.06d Graphics/color for pdfTeX

(/usr/share/texlive/texmf-dist/tex/generic/oberdiek/infwarerr.sty
Package: infwarerr 2010/04/08 v1.3 Providing info/warning/error messages (HO)
)
(/usr/share/texlive/texmf-dist/tex/generic/oberdiek/ltxcmds.sty
Package: ltxcmds 2011/11/09 v1.22 LaTeX kernel commands for general use (HO)
)
\Gread@gobject=\count87
))
\Gin@req@height=\dimen103
\Gin@req@width=\dimen104
)
(/usr/share/texlive/texmf-dist/tex/latex/graphics/color.sty
Package: color 2016/01/03 v1.1b Standard LaTeX Color (DPC)

(/usr/share/texlive/texmf-dist/tex/latex/latexconfig/color.cfg
File: color.cfg 2007/01/18 v1.5 color configuration of teTeX/TeXLive
)
Package color Info: Driver file: pdftex.def on input line 143.
)
(/usr/share/texlive/texmf-dist/tex/latex/framed/framed.sty
Package: framed 2011/10/22 v 0.96: framed or shaded text with page breaks
\OuterFrameSep=\skip43
\fb@frw=\dimen105
\fb@frh=\dimen106
\FrameRule=\dimen107
\FrameSep=\dimen108
)
(/usr/share/texlive/texmf-dist/tex/latex/base/alltt.sty
Package: alltt 1997/06/16 v2.0g defines alltt environment
)
(/usr/share/texlive/texmf-dist/tex/latex/base/inputenc.sty
Package: inputenc 2015/03/17 v1.2c Input encoding file
\inpenc@prehook=\toks15
\inpenc@posthook=\toks16

(/usr/share/texlive/texmf-dist/tex/latex/base/utf8.def
File: utf8.def 2015/12/03 v1.1r UTF-8 support for inputenc
Now handling font encoding OML ...
... no UTF-8 mapping file for font encoding OML
Now handling font encoding T1 ...
... processing UTF-8 mapping file for font encoding T1

(/usr/share/texlive/texmf-dist/tex/latex/base/t1enc.dfu
File: t1enc.dfu 2015/12/03 v1.1r UTF-8 support for inputenc
   defining Unicode char U+00A0 (decimal 160)
   defining Unicode char U+00A1 (decimal 161)
   defining Unicode char U+00A3 (decimal 163)
   defining Unicode char U+00AB (decimal 171)
   defining Unicode char U+00AD (decimal 173)
   defining Unicode char U+00BB (decimal 187)
   defining Unicode char U+00BF (decimal 191)
   defining Unicode char U+00C0 (decimal 192)
   defining Unicode char U+00C1 (decimal 193)
   defining Unicode char U+00C2 (decimal 194)
   defining Unicode char U+00C3 (decimal 195)
   defining Unicode char U+00C4 (decimal 196)
   defining Unicode char U+00C5 (decimal 197)
   defining Unicode char U+00C6 (decimal 198)
   defining Unicode char U+00C7 (decimal 199)
   defining Unicode char U+00C8 (decimal 200)
   defining Unicode char U+00C9 (decimal 201)
   defining Unicode char U+00CA (decimal 202)
   defining Unicode char U+00CB (decimal 203)
   defining Unicode char U+00CC (decimal 204)
   defining Unicode char U+00CD (decimal 205)
   defining Unicode char U+00CE (decimal 206)
   defining Unicode char U+00CF (decimal 207)
   defining Unicode char U+00D0 (decimal 208)
   defining Unicode char U+00D1 (decimal 209)
   defining Unicode char U+00D2 (decimal 210)
   defining Unicode char U+00D3 (decimal 211)
   defining Unicode char U+00D4 (decimal 212)
   defining Unicode char U+00D5 (decimal 213)
   defining Unicode char U+00D6 (decimal 214)
   defining Unicode char U+00D8 (decimal 216)
   defining Unicode char U+00D9 (decimal 217)
   defining Unicode char U+00DA (decimal 218)
   defining Unicode char U+00DB (decimal 219)
   defining Unicode char U+00DC (decimal 220)
   defining Unicode char U+00DD (decimal 221)
   defining Unicode char U+00DE (decimal 222)
   defining Unicode char U+00DF (decimal 223)
   defining Unicode char U+00E0 (decimal 224)
   defining Unicode char U+00E1 (decimal 225)
   defining Unicode char U+00E2 (decimal 226)
   defining Unicode char U+00E3 (decimal 227)
   defining Unicode char U+00E4 (decimal 228)
   defining Unicode char U+00E5 (decimal 229)
   defining Unicode char U+00E6 (decimal 230)
   defining Unicode char U+00E7 (decimal 231)
   defining Unicode char U+00E8 (decimal 232)
   defining Unicode char U+00E9 (decimal 233)
   defining Unicode char U+00EA (decimal 234)
   defining Unicode char U+00EB (decimal 235)
   defining Unicode char U+00EC (decimal 236)
   defining Unicode char U+00ED (decimal 237)
   defining Unicode char U+00EE (decimal 238)
   defining Unicode char U+00EF (decimal 239)
   defining Unicode char U+00F0 (decimal 240)
   defining Unicode char U+00F1 (decimal 241)
   defining Unicode char U+00F2 (decimal 242)
   defining Unicode char U+00F3 (decimal 243)
   defining Unicode char U+00F4 (decimal 244)
   defining Unicode char U+00F5 (decimal 245)
   defining Unicode char U+00F6 (decimal 246)
   defining Unicode char U+00F8 (decimal 248)
   defining Unicode char U+00F9 (decimal 249)
   defining Unicode char U+00FA (decimal 250)
   defining Unicode char U+00FB (decimal 251)
   defining Unicode char U+00FC (decimal 252)
   defining Unicode char U+00FD (decimal 253)
   defining Unicode char U+00FE (decimal 254)
   defining Unicode char U+00FF (decimal 255)
   defining Unicode char U+0100 (decimal 256)
   defining Unicode char U+0101 (decimal 257)
   defining Unicode char U+0102 (decimal 258)
   defining Unicode char U+0103 (decimal 259)
   defining Unicode char U+0104 (decimal 260)
   defining Unicode char U+0105 (decimal 261)
   defining Unicode char U+0106 (decimal 262)
   defining Unicode char U+0107 (decimal 263)
   defining Unicode char U+0108 (decimal 264)
   defining Unicode char U+0109 (decimal 265)
   defining Unicode char U+010A (decimal 266)
   defining Unicode char U+010B (decimal 267)
   defining Unicode char U+010C (decimal 268)
   defining Unicode char U+010D (decimal 269)
   defining Unicode char U+010E (decimal 270)
   defining Unicode char U+010F (decimal 271)
   defining Unicode char U+0110 (decimal 272)
   defining Unicode char U+0111 (decimal 273)
   defining Unicode char U+0112 (decimal 274)
   defining Unicode char U+0113 (decimal 275)
   defining Unicode char U+0114 (decimal 276)
   defining Unicode char U+0115 (decimal 277)
   defining Unicode char U+0116 (decimal 278)
   defining Unicode char U+0117 (decimal 279)
   defining Unicode char U+0118 (decimal 280)
   defining Unicode char U+0119 (decimal 281)
   defining Unicode char U+011A (decimal 282)
   defining Unicode char U+011B (decimal 283)
   defining Unicode char U+011C (decimal 284)
   defining Unicode char U+011D (decimal 285)
   defining Unicode char U+011E (decimal 286)
   defining Unicode char U+011F (decimal 287)
   defining Unicode char U+0120 (decimal 288)
   defining Unicode char U+0121 (decimal 289)
   defining Unicode char U+0122 (decimal 290)
   defining Unicode char U+0123 (decimal 291)
   defining Unicode char U+0124 (decimal 292)
   defining Unicode char U+0125 (decimal 293)
   defining Unicode char U+0128 (decimal 296)
   defining Unicode char U+0129 (decimal 297)
   defining Unicode char U+012A (decimal 298)
   defining Unicode char U+012B (decimal 299)
   defining Unicode char U+012C (decimal 300)
   defining Unicode char U+012D (decimal 301)
   defining Unicode char U+012E (decimal 302)
   defining Unicode char U+012F (decimal 303)
   defining Unicode char U+0130 (decimal 304)
   defining Unicode char U+0131 (decimal 305)
   defining Unicode char U+0132 (decimal 306)
   defining Unicode char U+0133 (decimal 307)
   defining Unicode char U+0134 (decimal 308)
   defining Unicode char U+0135 (decimal 309)
   defining Unicode char U+0136 (decimal 310)
   defining Unicode char U+0137 (decimal 311)
   defining Unicode char U+0139 (decimal 313)
   defining Unicode char U+013A (decimal 314)
   defining Unicode char U+013B (decimal 315)
   defining Unicode char U+013C (decimal 316)
   defining Unicode char U+013D (decimal 317)
   defining Unicode char U+013E (decimal 318)
   defining Unicode char U+0141 (decimal 321)
   defining Unicode char U+0142 (decimal 322)
   defining Unicode char U+0143 (decimal 323)
   defining Unicode char U+0144 (decimal 324)
   defining Unicode char U+0145 (decimal 325)
   defining Unicode char U+0146 (decimal 326)
   defining Unicode char U+0147 (decimal 327)
   defining Unicode char U+0148 (decimal 328)
   defining Unicode char U+014A (decimal 330)
   defining Unicode char U+014B (decimal 331)
   defining Unicode char U+014C (decimal 332)
   defining Unicode char U+014D (decimal 333)
   defining Unicode char U+014E (decimal 334)
   defining Unicode char U+014F (decimal 335)
   defining Unicode char U+0150 (decimal 336)
   defining Unicode char U+0151 (decimal 337)
   defining Unicode char U+0152 (decimal 338)
   defining Unicode char U+0153 (decimal 339)
   defining Unicode char U+0154 (decimal 340)
   defining Unicode char U+0155 (decimal 341)
   defining Unicode char U+0156 (decimal 342)
   defining Unicode char U+0157 (decimal 343)
   defining Unicode char U+0158 (decimal 344)
   defining Unicode char U+0159 (decimal 345)
   defining Unicode char U+015A (decimal 346)
   defining Unicode char U+015B (decimal 347)
   defining Unicode char U+015C (decimal 348)
   defining Unicode char U+015D (decimal 349)
   defining Unicode char U+015E (decimal 350)
   defining Unicode char U+015F (decimal 351)
   defining Unicode char U+0160 (decimal 352)
   defining Unicode char U+0161 (decimal 353)
   defining Unicode char U+0162 (decimal 354)
   defining Unicode char U+0163 (decimal 355)
   defining Unicode char U+0164 (decimal 356)
   defining Unicode char U+0165 (decimal 357)
   defining Unicode char U+0168 (decimal 360)
   defining Unicode char U+0169 (decimal 361)
   defining Unicode char U+016A (decimal 362)
   defining Unicode char U+016B (decimal 363)
   defining Unicode char U+016C (decimal 364)
   defining Unicode char U+016D (decimal 365)
   defining Unicode char U+016E (decimal 366)
   defining Unicode char U+016F (decimal 367)
   defining Unicode char U+0170 (decimal 368)
   defining Unicode char U+0171 (decimal 369)
   defining Unicode char U+0172 (decimal 370)
   defining Unicode char U+0173 (decimal 371)
   defining Unicode char U+0174 (decimal 372)
   defining Unicode char U+0175 (decimal 373)
   defining Unicode char U+0176 (decimal 374)
   defining Unicode char U+0177 (decimal 375)
   defining Unicode char U+0178 (decimal 376)
   defining Unicode char U+0179 (decimal 377)
   defining Unicode char U+017A (decimal 378)
   defining Unicode char U+017B (decimal 379)
   defining Unicode char U+017C (decimal 380)
   defining Unicode char U+017D (decimal 381)
   defining Unicode char U+017E (decimal 382)
   defining Unicode char U+01CD (decimal 461)
   defining Unicode char U+01CE (decimal 462)
   defining Unicode char U+01CF (decimal 463)
   defining Unicode char U+01D0 (decimal 464)
   defining Unicode char U+01D1 (decimal 465)
   defining Unicode char U+01D2 (decimal 466)
   defining Unicode char U+01D3 (decimal 467)
   defining Unicode char U+01D4 (decimal 468)
   defining Unicode char U+01E2 (decimal 482)
   defining Unicode char U+01E3 (decimal 483)
   defining Unicode char U+01E6 (decimal 486)
   defining Unicode char U+01E7 (decimal 487)
   defining Unicode char U+01E8 (decimal 488)
   defining Unicode char U+01E9 (decimal 489)
   defining Unicode char U+01EA (decimal 490)
   defining Unicode char U+01EB (decimal 491)
   defining Unicode char U+01F0 (decimal 496)
   defining Unicode char U+01F4 (decimal 500)
   defining Unicode char U+01F5 (decimal 501)
   defining Unicode char U+0218 (decimal 536)
   defining Unicode char U+0219 (decimal 537)
   defining Unicode char U+021A (decimal 538)
   defining Unicode char U+021B (decimal 539)
   defining Unicode char U+01E02 (decimal 7682)
   defining Unicode char U+01E03 (decimal 7683)
   defining Unicode char U+200C (decimal 8204)
   defining Unicode char U+2013 (decimal 8211)
   defining Unicode char U+2014 (decimal 8212)
   defining Unicode char U+2018 (decimal 8216)
   defining Unicode char U+2019 (decimal 8217)
   defining Unicode char U+201A (decimal 8218)
   defining Unicode char U+201C (decimal 8220)
   defining Unicode char U+201D (decimal 8221)
   defining Unicode char U+201E (decimal 8222)
   defining Unicode char U+2030 (decimal 8240)
   defining Unicode char U+2031 (decimal 8241)
   defining Unicode char U+2039 (decimal 8249)
   defining Unicode char U+203A (decimal 8250)
   defining Unicode char U+2423 (decimal 9251)
)
Now handling font encoding OT1 ...
... processing UTF-8 mapping file for font encoding OT1

(/usr/share/texlive/texmf-dist/tex/latex/base/ot1enc.dfu
File: ot1enc.dfu 2015/12/03 v1.1r UTF-8 support for inputenc
   defining Unicode char U+00A0 (decimal 160)
   defining Unicode char U+00A1 (decimal 161)
   defining Unicode char U+00A3 (decimal 163)
   defining Unicode char U+00AD (decimal 173)
   defining Unicode char U+00B8 (decimal 184)
   defining Unicode char U+00BF (decimal 191)
   defining Unicode char U+00C5 (decimal 197)
   defining Unicode char U+00C6 (decimal 198)
   defining Unicode char U+00D8 (decimal 216)
   defining Unicode char U+00DF (decimal 223)
   defining Unicode char U+00E6 (decimal 230)
   defining Unicode char U+00EC (decimal 236)
   defining Unicode char U+00ED (decimal 237)
   defining Unicode char U+00EE (decimal 238)
   defining Unicode char U+00EF (decimal 239)
   defining Unicode char U+00F8 (decimal 248)
   defining Unicode char U+0131 (decimal 305)
   defining Unicode char U+0141 (decimal 321)
   defining Unicode char U+0142 (decimal 322)
   defining Unicode char U+0152 (decimal 338)
   defining Unicode char U+0153 (decimal 339)
   defining Unicode char U+0174 (decimal 372)
   defining Unicode char U+0175 (decimal 373)
   defining Unicode char U+0176 (decimal 374)
   defining Unicode char U+0177 (decimal 375)
   defining Unicode char U+0218 (decimal 536)
   defining Unicode char U+0219 (decimal 537)
   defining Unicode char U+021A (decimal 538)
   defining Unicode char U+021B (decimal 539)
   defining Unicode char U+2013 (decimal 8211)
   defining Unicode char U+2014 (decimal 8212)
   defining Unicode char U+2018 (decimal 8216)
   defining Unicode char U+2019 (decimal 8217)
   defining Unicode char U+201C (decimal 8220)
   defining Unicode char U+201D (decimal 8221)
)
Now handling font encoding OMS ...
... processing UTF-8 mapping file for font encoding OMS

(/usr/share/texlive/texmf-dist/tex/latex/base/omsenc.dfu
File: omsenc.dfu 2015/12/03 v1.1r UTF-8 support for inputenc
   defining Unicode char U+00A7 (decimal 167)
   defining Unicode char U+00B6 (decimal 182)
   defining Unicode char U+00B7 (decimal 183)
   defining Unicode char U+2020 (decimal 8224)
   defining Unicode char U+2021 (decimal 8225)
   defining Unicode char U+2022 (decimal 8226)
)
Now handling font encoding OMX ...
... no UTF-8 mapping file for font encoding OMX
Now handling font encoding U ...
... no UTF-8 mapping file for font encoding U
   defining Unicode char U+00A9 (decimal 169)
   defining Unicode char U+00AA (decimal 170)
   defining Unicode char U+00AE (decimal 174)
   defining Unicode char U+00BA (decimal 186)
   defining Unicode char U+02C6 (decimal 710)
   defining Unicode char U+02DC (decimal 732)
   defining Unicode char U+200C (decimal 8204)
   defining Unicode char U+2026 (decimal 8230)
   defining Unicode char U+2122 (decimal 8482)
   defining Unicode char U+2423 (decimal 9251)
))
(/usr/share/texlive/texmf-dist/tex/latex/colortbl/colortbl.sty
Package: colortbl 2012/02/13 v1.0a Color table columns (DPC)

(/usr/share/texlive/texmf-dist/tex/latex/tools/array.sty
Package: array 2014/10/28 v2.4c Tabular extension package (FMi)
\col@sep=\dimen109
\extrarowheight=\dimen110
\NC@list=\toks17
\extratabsurround=\skip44
\backup@length=\skip45
)
\everycr=\toks18
\minrowclearance=\skip46
)
(/usr/share/texlive/texmf-dist/tex/latex/hyperref/hyperref.sty
Package: hyperref 2012/11/06 v6.83m Hypertext links for LaTeX

(/usr/share/texlive/texmf-dist/tex/generic/oberdiek/hobsub-hyperref.sty
Package: hobsub-hyperref 2012/05/28 v1.13 Bundle oberdiek, subset hyperref (HO)


(/usr/share/texlive/texmf-dist/tex/generic/oberdiek/hobsub-generic.sty
Package: hobsub-generic 2012/05/28 v1.13 Bundle oberdiek, subset generic (HO)
Package: hobsub 2012/05/28 v1.13 Construct package bundles (HO)
Package hobsub Info: Skipping package `infwarerr' (already loaded).
Package hobsub Info: Skipping package `ltxcmds' (already loaded).
Package: ifluatex 2010/03/01 v1.3 Provides the ifluatex switch (HO)
Package ifluatex Info: LuaTeX not detected.
Package: ifvtex 2010/03/01 v1.5 Detect VTeX and its facilities (HO)
Package ifvtex Info: VTeX not detected.
Package: intcalc 2007/09/27 v1.1 Expandable calculations with integers (HO)
Package: ifpdf 2011/01/30 v2.3 Provides the ifpdf switch (HO)
Package ifpdf Info: pdfTeX in PDF mode is detected.
Package: etexcmds 2011/02/16 v1.5 Avoid name clashes with e-TeX commands (HO)
Package etexcmds Info: Could not find \expanded.
(etexcmds)             That can mean that you are not using pdfTeX 1.50 or
(etexcmds)             that some package has redefined \expanded.
(etexcmds)             In the latter case, load this package earlier.
Package: kvsetkeys 2012/04/25 v1.16 Key value parser (HO)
Package: kvdefinekeys 2011/04/07 v1.3 Define keys (HO)
Package: pdftexcmds 2011/11/29 v0.20 Utility functions of pdfTeX for LuaTeX (HO
)
Package pdftexcmds Info: LuaTeX not detected.
Package pdftexcmds Info: \pdf@primitive is available.
Package pdftexcmds Info: \pdf@ifprimitive is available.
Package pdftexcmds Info: \pdfdraftmode found.
Package: pdfescape 2011/11/25 v1.13 Implements pdfTeX's escape features (HO)
Package: bigintcalc 2012/04/08 v1.3 Expandable calculations on big integers (HO
)
Package: bitset 2011/01/30 v1.1 Handle bit-vector datatype (HO)
Package: uniquecounter 2011/01/30 v1.2 Provide unlimited unique counter (HO)
)
Package hobsub Info: Skipping package `hobsub' (already loaded).
Package: letltxmacro 2010/09/02 v1.4 Let assignment for LaTeX macros (HO)
Package: hopatch 2012/05/28 v1.2 Wrapper for package hooks (HO)
Package: xcolor-patch 2011/01/30 xcolor patch
Package: atveryend 2011/06/30 v1.8 Hooks at the very end of document (HO)
Package atveryend Info: \enddocument detected (standard20110627).
Package: atbegshi 2011/10/05 v1.16 At begin shipout hook (HO)
Package: refcount 2011/10/16 v3.4 Data extraction from label references (HO)
Package: hycolor 2011/01/30 v1.7 Color options for hyperref/bookmark (HO)
)
(/usr/share/texlive/texmf-dist/tex/generic/ifxetex/ifxetex.sty
Package: ifxetex 2010/09/12 v0.6 Provides ifxetex conditional
)
(/usr/share/texlive/texmf-dist/tex/latex/oberdiek/auxhook.sty
Package: auxhook 2011/03/04 v1.3 Hooks for auxiliary files (HO)
)
(/usr/share/texlive/texmf-dist/tex/latex/oberdiek/kvoptions.sty
Package: kvoptions 2011/06/30 v3.11 Key value format for package options (HO)
)
\@linkdim=\dimen111
\Hy@linkcounter=\count88
\Hy@pagecounter=\count89

(/usr/share/texlive/texmf-dist/tex/latex/hyperref/pd1enc.def
File: pd1enc.def 2012/11/06 v6.83m Hyperref: PDFDocEncoding definition (HO)
Now handling font encoding PD1 ...
... no UTF-8 mapping file for font encoding PD1
)
\Hy@SavedSpaceFactor=\count90

(/usr/share/texlive/texmf-dist/tex/latex/latexconfig/hyperref.cfg
File: hyperref.cfg 2002/06/06 v1.2 hyperref configuration of TeXLive
)
Package hyperref Info: Option `colorlinks' set `true' on input line 4319.
Package hyperref Info: Hyper figures OFF on input line 4443.
Package hyperref Info: Link nesting OFF on input line 4448.
Package hyperref Info: Hyper index ON on input line 4451.
Package hyperref Info: Plain pages OFF on input line 4458.
Package hyperref Info: Backreferencing OFF on input line 4463.
Package hyperref Info: Implicit mode ON; LaTeX internals redefined.
Package hyperref Info: Bookmarks ON on input line 4688.
\c@Hy@tempcnt=\count91

(/usr/share/texlive/texmf-dist/tex/latex/url/url.sty
\Urlmuskip=\muskip10
Package: url 2013/09/16  ver 3.4  Verb mode for urls, etc.
)
LaTeX Info: Redefining \url on input line 5041.
\XeTeXLinkMargin=\dimen112
\Fld@menulength=\count92
\Field@Width=\dimen113
\Fld@charsize=\dimen114
Package hyperref Info: Hyper figures OFF on input line 6295.
Package hyperref Info: Link nesting OFF on input line 6300.
Package hyperref Info: Hyper index ON on input line 6303.
Package hyperref Info: backreferencing OFF on input line 6310.
Package hyperref Info: Link coloring ON on input line 6313.
Package hyperref Info: Link coloring with OCG OFF on input line 6320.
Package hyperref Info: PDF/A mode OFF on input line 6325.
LaTeX Info: Redefining \ref on input line 6365.
LaTeX Info: Redefining \pageref on input line 6369.
\Hy@abspage=\count93
\c@Item=\count94
\c@Hfootnote=\count95
)

Package hyperref Message: Driver (autodetected): hpdftex.

(/usr/share/texlive/texmf-dist/tex/latex/hyperref/hpdftex.def
File: hpdftex.def 2012/11/06 v6.83m Hyperref driver for pdfTeX
\Fld@listcount=\count96
\c@bookmark@seq@number=\count97

(/usr/share/texlive/texmf-dist/tex/latex/oberdiek/rerunfilecheck.sty
Package: rerunfilecheck 2011/04/15 v1.7 Rerun checks for auxiliary files (HO)
Package uniquecounter Info: New unique counter `rerunfilecheck' on input line 2
82.
)
\Hy@SectionHShift=\skip47
)
(/usr/share/texlive/texmf-dist/tex/generic/babel/babel.sty
Package: babel 2016/02/24 3.9q The Babel package

(/usr/share/texlive/texmf-dist/tex/generic/babel-english/english.ldf
Language: english 2012/08/20 v3.3p English support from the babel system

(/usr/share/texlive/texmf-dist/tex/generic/babel/babel.def
File: babel.def 2016/02/24 3.9q Babel common definitions
\babel@savecnt=\count98
\U@D=\dimen115
)
\l@canadian = a dialect from \language\l@american 
\l@australian = a dialect from \language\l@british 
\l@newzealand = a dialect from \language\l@british 
))
(/usr/share/texlive/texmf-dist/tex/latex/amsfonts/amsfonts.sty
Package: amsfonts 2013/01/14 v3.01 Basic AMSFonts support
\@emptytoks=\toks19
\symAMSa=\mathgroup4
\symAMSb=\mathgroup5
LaTeX Font Info:    Overwriting math alphabet `\mathfrak' in version `bold'
(Font)                  U/euf/m/n --> U/euf/b/n on input line 106.
)
(/usr/share/texlive/texmf-dist/tex/latex/preprint/fullpage.sty
Package: fullpage 1999/02/23 1.1 (PWD)
\FP@margin=\skip48
)
(/usr/share/texlive/texmf-dist/tex/latex/oberdiek/pdflscape.sty
Package: pdflscape 2008/08/11 v0.10 Display of landscape pages in PDF (HO)

(/usr/share/texlive/texmf-dist/tex/latex/graphics/lscape.sty
Package: lscape 2000/10/22 v3.01 Landscape Pages (DPC)
)
Package pdflscape Info: Auto-detected driver: pdftex on input line 80.
)
(/usr/share/texlive/texmf-dist/tex/latex/tools/bm.sty
Package: bm 2014/10/28 v1.1c Bold Symbol Support (DPC/FMi)
\symboldoperators=\mathgroup6
\symboldletters=\mathgroup7
\symboldsymbols=\mathgroup8
LaTeX Font Info:    Redeclaring math alphabet \mathbf on input line 141.
LaTeX Info: Redefining \bm on input line 207.
)
(/usr/share/texlive/texmf-dist/tex/latex/geometry/geometry.sty
Package: geometry 2010/09/12 v5.6 Page Geometry
\Gm@cnth=\count99
\Gm@cntv=\count100
\c@Gm@tempcnt=\count101
\Gm@bindingoffset=\dimen116
\Gm@wd@mp=\dimen117
\Gm@odd@mp=\dimen118
\Gm@even@mp=\dimen119
\Gm@layoutwidth=\dimen120
\Gm@layoutheight=\dimen121
\Gm@layouthoffset=\dimen122
\Gm@layoutvoffset=\dimen123
\Gm@dimlist=\toks20
)
(/usr/share/texlive/texmf-dist/tex/latex/preprint/authblk.sty
Package: authblk 2001/02/27 1.3 (PWD)
\affilsep=\skip49
\@affilsep=\skip50
\c@Maxaffil=\count102
\c@authors=\count103
\c@affil=\count104
)
(/usr/share/texlive/texmf-dist/tex/latex/multirow/multirow.sty
\bigstrutjot=\dimen124
)
(/usr/share/texlive/texmf-dist/tex/latex/caption/caption.sty
Package: caption 2016/02/21 v3.3-144 Customizing captions (AR)

(/usr/share/texlive/texmf-dist/tex/latex/caption/caption3.sty
Package: caption3 2016/02/04 v1.7-139 caption3 kernel (AR)
Package caption3 Info: TeX engine: e-TeX on input line 67.
\captionmargin=\dimen125
\captionmargin@=\dimen126
\captionwidth=\dimen127
\caption@tempdima=\dimen128
\caption@indent=\dimen129
\caption@parindent=\dimen130
\caption@hangindent=\dimen131
)
\c@ContinuedFloat=\count105
Package caption Info: hyperref package is loaded.
)
(/usr/share/texlive/texmf-dist/tex/latex/amsmath/amsmath.sty
Package: amsmath 2016/03/03 v2.15a AMS math features
\@mathmargin=\skip51

For additional information on amsmath, use the `?' option.
(/usr/share/texlive/texmf-dist/tex/latex/amsmath/amstext.sty
Package: amstext 2000/06/29 v2.01 AMS text

(/usr/share/texlive/texmf-dist/tex/latex/amsmath/amsgen.sty
File: amsgen.sty 1999/11/30 v2.0 generic functions
\@emptytoks=\toks21
\ex@=\dimen132
))
(/usr/share/texlive/texmf-dist/tex/latex/amsmath/amsbsy.sty
Package: amsbsy 1999/11/29 v1.2d Bold Symbols
LaTeX Info: Redefining \boldsymbol on input line 28.
\pmbraise@=\dimen133
)
(/usr/share/texlive/texmf-dist/tex/latex/amsmath/amsopn.sty
Package: amsopn 1999/12/14 v2.01 operator names
)
\inf@bad=\count106
LaTeX Info: Redefining \frac on input line 199.
\uproot@=\count107
\leftroot@=\count108
LaTeX Info: Redefining \overline on input line 297.
\classnum@=\count109
\DOTSCASE@=\count110
LaTeX Info: Redefining \ldots on input line 394.
LaTeX Info: Redefining \dots on input line 397.
LaTeX Info: Redefining \cdots on input line 518.
\Mathstrutbox@=\box26
\strutbox@=\box27
\big@size=\dimen134
LaTeX Font Info:    Redeclaring font encoding OML on input line 630.
LaTeX Font Info:    Redeclaring font encoding OMS on input line 631.
\macc@depth=\count111
\c@MaxMatrixCols=\count112
\dotsspace@=\muskip11
\c@parentequation=\count113
\dspbrk@lvl=\count114
\tag@help=\toks22
\row@=\count115
\column@=\count116
\maxfields@=\count117
\andhelp@=\toks23
\eqnshift@=\dimen135
\alignsep@=\dimen136
\tagshift@=\dimen137
\tagwidth@=\dimen138
\totwidth@=\dimen139
\lineht@=\dimen140
\@envbody=\toks24
\multlinegap=\skip52
\multlinetaggap=\skip53
\mathdisplay@stack=\toks25
LaTeX Info: Redefining \[ on input line 2735.
LaTeX Info: Redefining \] on input line 2736.
)
\c@subsubsubsection=\count118

(/usr/share/texlive/texmf-dist/tex/latex/upquote/upquote.sty
Package: upquote 2012/04/19 v1.3 upright-quote and grave-accent glyphs in verba
tim
) (./S6.aux)
\openout1 = `S6.aux'.

LaTeX Font Info:    Checking defaults for OML/cmm/m/it on input line 126.
LaTeX Font Info:    ... okay on input line 126.
LaTeX Font Info:    Checking defaults for T1/cmr/m/n on input line 126.
LaTeX Font Info:    ... okay on input line 126.
LaTeX Font Info:    Checking defaults for OT1/cmr/m/n on input line 126.
LaTeX Font Info:    ... okay on input line 126.
LaTeX Font Info:    Checking defaults for OMS/cmsy/m/n on input line 126.
LaTeX Font Info:    ... okay on input line 126.
LaTeX Font Info:    Checking defaults for OMX/cmex/m/n on input line 126.
LaTeX Font Info:    ... okay on input line 126.
LaTeX Font Info:    Checking defaults for U/cmr/m/n on input line 126.
LaTeX Font Info:    ... okay on input line 126.
LaTeX Font Info:    Checking defaults for PD1/pdf/m/n on input line 126.
LaTeX Font Info:    ... okay on input line 126.

(/usr/share/texlive/texmf-dist/tex/context/base/supp-pdf.mkii
[Loading MPS to PDF converter (version 2006.09.02).]
\scratchcounter=\count119
\scratchdimen=\dimen141
\scratchbox=\box28
\nofMPsegments=\count120
\nofMParguments=\count121
\everyMPshowfont=\toks26
\MPscratchCnt=\count122
\MPscratchDim=\dimen142
\MPnumerator=\count123
\makeMPintoPDFobject=\count124
\everyMPtoPDFconversion=\toks27
) (/usr/share/texlive/texmf-dist/tex/latex/oberdiek/epstopdf-base.sty
Package: epstopdf-base 2010/02/09 v2.5 Base part for package epstopdf

(/usr/share/texlive/texmf-dist/tex/latex/oberdiek/grfext.sty
Package: grfext 2010/08/19 v1.1 Manage graphics extensions (HO)
)
Package grfext Info: Graphics extension search list:
(grfext)             [.png,.pdf,.jpg,.mps,.jpeg,.jbig2,.jb2,.PNG,.PDF,.JPG,.JPE
G,.JBIG2,.JB2,.eps]
(grfext)             \AppendGraphicsExtensions on input line 452.

(/usr/share/texlive/texmf-dist/tex/latex/latexconfig/epstopdf-sys.cfg
File: epstopdf-sys.cfg 2010/07/13 v1.3 Configuration of (r)epstopdf for TeX Liv
e
))
\AtBeginShipoutBox=\box29
Package hyperref Info: Link coloring ON on input line 126.

(/usr/share/texlive/texmf-dist/tex/latex/hyperref/nameref.sty
Package: nameref 2012/10/27 v2.43 Cross-referencing by name of section

(/usr/share/texlive/texmf-dist/tex/generic/oberdiek/gettitlestring.sty
Package: gettitlestring 2010/12/03 v1.4 Cleanup title references (HO)
)
\c@section@level=\count125
)
LaTeX Info: Redefining \ref on input line 126.
LaTeX Info: Redefining \pageref on input line 126.
LaTeX Info: Redefining \nameref on input line 126.

(./S6.out) (./S6.out)
\@outlinefile=\write3
\openout3 = `S6.out'.


*geometry* driver: auto-detecting
*geometry* detected driver: pdftex
*geometry* verbose mode - [ preamble ] result:
* driver: pdftex
* paper: <default>
* layout: <same size as paper>
* layoutoffset:(h,v)=(0.0pt,0.0pt)
* modes: 
* h-part:(L,W,R)=(42.67912pt, 528.93675pt, 42.67912pt)
* v-part:(T,H,B)=(42.67912pt, 709.61174pt, 42.67912pt)
* \paperwidth=614.295pt
* \paperheight=794.96999pt
* \textwidth=528.93675pt
* \textheight=709.61174pt
* \oddsidemargin=-29.59087pt
* \evensidemargin=-29.59087pt
* \topmargin=-29.59087pt
* \headheight=0.0pt
* \headsep=0.0pt
* \topskip=12.0pt
* \footskip=30.0pt
* \marginparwidth=44.0pt
* \marginparsep=10.0pt
* \columnsep=10.0pt
* \skip\footins=10.8pt plus 4.0pt minus 2.0pt
* \hoffset=0.0pt
* \voffset=0.0pt
* \mag=1000
* \@twocolumnfalse
* \@twosidefalse
* \@mparswitchfalse
* \@reversemarginfalse
* (1in=72.27pt=25.4mm, 1cm=28.453pt)

Package caption Info: Begin \AtBeginDocument code.
Package caption Info: End \AtBeginDocument code.
LaTeX Font Info:    Try loading font information for U+msa on input line 134.
(/usr/share/texlive/texmf-dist/tex/latex/amsfonts/umsa.fd
File: umsa.fd 2013/01/14 v3.01 AMS symbols A
)
LaTeX Font Info:    Try loading font information for U+msb on input line 134.

(/usr/share/texlive/texmf-dist/tex/latex/amsfonts/umsb.fd
File: umsb.fd 2013/01/14 v3.01 AMS symbols B
)
LaTeX Font Info:    Try loading font information for OMS+cmr on input line 134.


(/usr/share/texlive/texmf-dist/tex/latex/base/omscmr.fd
File: omscmr.fd 2014/09/29 v2.5h Standard LaTeX font definitions
)
LaTeX Font Info:    Font shape `OMS/cmr/m/n' in size <10> not available
(Font)              Font shape `OMS/cmsy/m/n' tried instead on input line 134.
LaTeX Font Info:    Font shape `OMS/cmr/m/n' in size <7> not available
(Font)              Font shape `OMS/cmsy/m/n' tried instead on input line 134.
 [1

{/var/lib/texmf/fonts/map/pdftex/updmap/pdftex.map}] (./S6.toc [2])
\tf@toc=\write4
\openout4 = `S6.toc'.

 [3]
Underfull \hbox (badness 2134) in paragraph at lines 164--165
\OT1/cmr/m/n/12 First, set the work-ing di-rec-tory. In this di-rec-tory, there
 is data folder and a R script
 []

Package color Info: Redefining color shadecolor on input line 167.
LaTeX Font Info:    Font shape `OT1/cmtt/bx/n' in size <10.95> not available
(Font)              Font shape `OT1/cmtt/m/n' tried instead on input line 169.
Package color Info: Redefining color shadecolor on input line 176.
Package color Info: Redefining color shadecolor on input line 194.
LaTeX Font Info:    Try loading font information for OMS+cmtt on input line 197
.
(/usr/share/R/share/texmf/tex/latex/omscmtt.fd
File: omscmtt.fd 
)
LaTeX Font Info:    Font shape `OMS/cmtt/m/n' in size <10.95> not available
(Font)              Font shape `OMS/cmsy/m/n' tried instead on input line 197.
Package color Info: Redefining color shadecolor on input line 218.
LaTeX Font Info:    Font shape `OT1/cmtt/bx/n' in size <6> not available
(Font)              Font shape `OT1/cmtt/m/n' tried instead on input line 220.
 [4] [5]
Package color Info: Redefining color shadecolor on input line 340.
Package color Info: Redefining color shadecolor on input line 353.
Package color Info: Redefining color shadecolor on input line 374.
Package color Info: Redefining color shadecolor on input line 384.
 [6]
Package color Info: Redefining color shadecolor on input line 399.
Package color Info: Redefining color shadecolor on input line 416.
Package color Info: Redefining color shadecolor on input line 446.
Package color Info: Redefining color shadecolor on input line 462.
 [7]
Package color Info: Redefining color shadecolor on input line 476.
Package color Info: Redefining color shadecolor on input line 490.
Package color Info: Redefining color shadecolor on input line 509.
Package color Info: Redefining color shadecolor on input line 522.

<figure/unnamed-chunk-13-1.pdf, id=277, 505.89pt x 289.08pt>
File: figure/unnamed-chunk-13-1.pdf Graphic file (type pdf)

<use figure/unnamed-chunk-13-1.pdf>
Package pdftex.def Info: figure/unnamed-chunk-13-1.pdf used on input line 531.
(pdftex.def)             Requested size: 505.88875pt x 289.0837pt.
Package color Info: Redefining color shadecolor on input line 546.
 [8]
<figure/nbOtu_sample-1.pdf, id=286, 505.89pt x 289.08pt>
File: figure/nbOtu_sample-1.pdf Graphic file (type pdf)

<use figure/nbOtu_sample-1.pdf>
Package pdftex.def Info: figure/nbOtu_sample-1.pdf used on input line 570.
(pdftex.def)             Requested size: 505.88875pt x 289.0837pt.
Package color Info: Redefining color shadecolor on input line 581.
Package color Info: Redefining color shadecolor on input line 592.
Package color Info: Redefining color shadecolor on input line 607.
 [9 <./figure/unnamed-chunk-13-1.pdf>]
<figure/nbseq_Otu-1.pdf, id=298, 505.89pt x 289.08pt>
File: figure/nbseq_Otu-1.pdf Graphic file (type pdf)

<use figure/nbseq_Otu-1.pdf>
Package pdftex.def Info: figure/nbseq_Otu-1.pdf used on input line 626.
(pdftex.def)             Requested size: 505.88875pt x 289.0837pt.
Package color Info: Redefining color shadecolor on input line 637.
Package color Info: Redefining color shadecolor on input line 650.
 [10 <./figure/nbOtu_sample-1.pdf>]
Package color Info: Redefining color shadecolor on input line 688.
 [11 <./figure/nbseq_Otu-1.pdf>] <figure/unnamed-chunk-20-1.pdf, id=328, 505.89
pt x 289.08pt>
File: figure/unnamed-chunk-20-1.pdf Graphic file (type pdf)

<use figure/unnamed-chunk-20-1.pdf>
Package pdftex.def Info: figure/unnamed-chunk-20-1.pdf used on input line 704.
(pdftex.def)             Requested size: 505.88875pt x 289.0837pt.
Package color Info: Redefining color shadecolor on input line 715.

<figure/unnamed-chunk-21-1.pdf, id=329, 289.08pt x 216.81pt>
File: figure/unnamed-chunk-21-1.pdf Graphic file (type pdf)

<use figure/unnamed-chunk-21-1.pdf>
Package pdftex.def Info: figure/unnamed-chunk-21-1.pdf used on input line 722.
(pdftex.def)             Requested size: 289.07928pt x 216.81938pt.
Package color Info: Redefining color shadecolor on input line 735.

<figure/unnamed-chunk-22-1.pdf, id=330, 505.89pt x 289.08pt>
File: figure/unnamed-chunk-22-1.pdf Graphic file (type pdf)

<use figure/unnamed-chunk-22-1.pdf>
Package pdftex.def Info: figure/unnamed-chunk-22-1.pdf used on input line 752.
(pdftex.def)             Requested size: 505.88875pt x 289.0837pt.
Package color Info: Redefining color shadecolor on input line 764.
 [12 <./figure/unnamed-chunk-20-1.pdf>]
[13 <./figure/unnamed-chunk-21-1.pdf> <./figure/unnamed-chunk-22-1.pdf>]
<figure/unnamed-chunk-23-1.pdf, id=368, 505.89pt x 289.08pt>
File: figure/unnamed-chunk-23-1.pdf Graphic file (type pdf)

<use figure/unnamed-chunk-23-1.pdf>
Package pdftex.def Info: figure/unnamed-chunk-23-1.pdf used on input line 774.
(pdftex.def)             Requested size: 505.88875pt x 289.0837pt.
Package color Info: Redefining color shadecolor on input line 787.
 [14 <./figure/unnamed-chunk-23-1.pdf>]
LaTeX Font Info:    Font shape `OT1/cmtt/bx/n' in size <12> not available
(Font)              Font shape `OT1/cmtt/m/n' tried instead on input line 800.
LaTeX Font Info:    Font shape `OMS/cmtt/m/n' in size <12> not available
(Font)              Font shape `OMS/cmsy/m/n' tried instead on input line 803.

[15

]
Package color Info: Redefining color shadecolor on input line 853.
 <figure/unnamed-chunk-27-1.pdf, id=388, 505.89pt x 289.08pt>
File: figure/unnamed-chunk-27-1.pdf Graphic file (type pdf)

<use figure/unnamed-chunk-27-1.pdf>
Package pdftex.def Info: figure/unnamed-chunk-27-1.pdf used on input line 860.
(pdftex.def)             Requested size: 505.88875pt x 289.0837pt.
Package color Info: Redefining color shadecolor on input line 873.
 [16

 <./figure/unnamed-chunk-27-1.pdf>]
[17

]
Package color Info: Redefining color shadecolor on input line 940.
Package color Info: Redefining color shadecolor on input line 960.
 <figure/unnamed-chunk-32-1.pdf, id=407, 505.89pt x 289.08pt>
File: figure/unnamed-chunk-32-1.pdf Graphic file (type pdf)

<use figure/unnamed-chunk-32-1.pdf>
Package pdftex.def Info: figure/unnamed-chunk-32-1.pdf used on input line 967.
(pdftex.def)             Requested size: 505.88875pt x 289.0837pt.
Package color Info: Redefining color shadecolor on input line 978.

Overfull \hbox (5.69121pt too wide) in paragraph at lines 981--981
[]  []\OT1/cmtt/m/n/10.95 geom_bar[][]([][]aes[][]([][]x[] []= Trophic_Mode,[] 
[]weight[] []= Nb.sequences,[]  []fill[] []= Guild),[] []position[] []=[] []"do
dge"[][])[] []+[][] 
 []

<figure/unnamed-chunk-33-1.pdf, id=408, 505.89pt x 289.08pt>
File: figure/unnamed-chunk-33-1.pdf Graphic file (type pdf)

<use figure/unnamed-chunk-33-1.pdf>
Package pdftex.def Info: figure/unnamed-chunk-33-1.pdf used on input line 986.
(pdftex.def)             Requested size: 505.88875pt x 289.0837pt.
Package color Info: Redefining color shadecolor on input line 1000.
 [18

 <./figure/unnamed-chunk-32-1.pdf>]
<figure/unnamed-chunk-34-1.pdf, id=419, 289.08pt x 289.08pt>
File: figure/unnamed-chunk-34-1.pdf Graphic file (type pdf)

<use figure/unnamed-chunk-34-1.pdf>
Package pdftex.def Info: figure/unnamed-chunk-34-1.pdf used on input line 1006.

(pdftex.def)             Requested size: 289.07928pt x 289.09251pt.
Package color Info: Redefining color shadecolor on input line 1017.

<figure/unnamed-chunk-35-1.pdf, id=420, 505.89pt x 361.35pt>
File: figure/unnamed-chunk-35-1.pdf Graphic file (type pdf)

<use figure/unnamed-chunk-35-1.pdf>
Package pdftex.def Info: figure/unnamed-chunk-35-1.pdf used on input line 1023.

(pdftex.def)             Requested size: 505.88875pt x 361.35463pt.
Package color Info: Redefining color shadecolor on input line 1034.

<figure/unnamed-chunk-36-1.pdf, id=421, 505.89pt x 361.35pt>
File: figure/unnamed-chunk-36-1.pdf Graphic file (type pdf)

<use figure/unnamed-chunk-36-1.pdf>
Package pdftex.def Info: figure/unnamed-chunk-36-1.pdf used on input line 1042.

(pdftex.def)             Requested size: 505.88875pt x 361.35463pt.
Package color Info: Redefining color shadecolor on input line 1055.

<figure/unnamed-chunk-37-1.pdf, id=422, 289.08pt x 289.08pt>
File: figure/unnamed-chunk-37-1.pdf Graphic file (type pdf)

<use figure/unnamed-chunk-37-1.pdf>
Package pdftex.def Info: figure/unnamed-chunk-37-1.pdf used on input line 1061.

(pdftex.def)             Requested size: 289.07928pt x 289.09251pt.
Package color Info: Redefining color shadecolor on input line 1072.

<figure/unnamed-chunk-38-1.pdf, id=423, 505.89pt x 469.755pt>
File: figure/unnamed-chunk-38-1.pdf Graphic file (type pdf)

<use figure/unnamed-chunk-38-1.pdf>
Package pdftex.def Info: figure/unnamed-chunk-38-1.pdf used on input line 1081.

(pdftex.def)             Requested size: 505.88875pt x 469.76102pt.
Package color Info: Redefining color shadecolor on input line 1094.
 [19 <./figure/unnamed-chunk-33-1.pdf>]
<figure/unnamed-chunk-39-1.pdf, id=436, 289.08pt x 289.08pt>
File: figure/unnamed-chunk-39-1.pdf Graphic file (type pdf)

<use figure/unnamed-chunk-39-1.pdf>
Package pdftex.def Info: figure/unnamed-chunk-39-1.pdf used on input line 1100.

(pdftex.def)             Requested size: 289.07928pt x 289.09251pt.
Package color Info: Redefining color shadecolor on input line 1111.

<figure/unnamed-chunk-40-1.pdf, id=437, 505.89pt x 361.35pt>
File: figure/unnamed-chunk-40-1.pdf Graphic file (type pdf)

<use figure/unnamed-chunk-40-1.pdf>
Package pdftex.def Info: figure/unnamed-chunk-40-1.pdf used on input line 1120.

(pdftex.def)             Requested size: 505.88875pt x 361.35463pt.
Package color Info: Redefining color shadecolor on input line 1133.
 [20 <./figure/unnamed-chunk-34-1.pdf>]
[21 <./figure/unnamed-chunk-35-1.pdf>] [22 <./figure/unnamed-chunk-36-1.pdf>]
Package color Info: Redefining color shadecolor on input line 1225.
Package color Info: Redefining color shadecolor on input line 1237.

[23 <./figure/unnamed-chunk-37-1.pdf>] [24 <./figure/unnamed-chunk-38-1.pdf>]
<figure/unnamed-chunk-46-1.pdf, id=506, 505.89pt x 289.08pt>
File: figure/unnamed-chunk-46-1.pdf Graphic file (type pdf)

<use figure/unnamed-chunk-46-1.pdf>
Package pdftex.def Info: figure/unnamed-chunk-46-1.pdf used on input line 1246.

(pdftex.def)             Requested size: 505.88875pt x 289.0837pt.
 [25 <./figure/unnamed-chunk-39-1.pdf>]
[26 <./figure/unnamed-chunk-40-1.pdf>] [27 <./figure/unnamed-chunk-46-1.pdf>]
Package color Info: Redefining color shadecolor on input line 1262.

<figure/unnamed-chunk-47-1.pdf, id=547, 361.35pt x 216.81pt>
File: figure/unnamed-chunk-47-1.pdf Graphic file (type pdf)

<use figure/unnamed-chunk-47-1.pdf>
Package pdftex.def Info: figure/unnamed-chunk-47-1.pdf used on input line 1268.

(pdftex.def)             Requested size: 361.34912pt x 216.80946pt.
Package color Info: Redefining color shadecolor on input line 1279.

<figure/unnamed-chunk-48-1.pdf, id=548, 361.35pt x 216.81pt>
File: figure/unnamed-chunk-48-1.pdf Graphic file (type pdf)

<use figure/unnamed-chunk-48-1.pdf>
Package pdftex.def Info: figure/unnamed-chunk-48-1.pdf used on input line 1285.

(pdftex.def)             Requested size: 361.34912pt x 216.80946pt.
Package color Info: Redefining color shadecolor on input line 1296.

<figure/unnamed-chunk-49-1.pdf, id=549, 361.35pt x 216.81pt>
File: figure/unnamed-chunk-49-1.pdf Graphic file (type pdf)

<use figure/unnamed-chunk-49-1.pdf>
Package pdftex.def Info: figure/unnamed-chunk-49-1.pdf used on input line 1302.

(pdftex.def)             Requested size: 361.34912pt x 216.80946pt.
Package color Info: Redefining color shadecolor on input line 1315.

<figure/unnamed-chunk-50-1.pdf, id=550, 361.35pt x 216.81pt>
File: figure/unnamed-chunk-50-1.pdf Graphic file (type pdf)

<use figure/unnamed-chunk-50-1.pdf>
Package pdftex.def Info: figure/unnamed-chunk-50-1.pdf used on input line 1322.

(pdftex.def)             Requested size: 361.34912pt x 216.80946pt.
Package color Info: Redefining color shadecolor on input line 1333.

<figure/unnamed-chunk-51-1.pdf, id=551, 361.35pt x 216.81pt>
File: figure/unnamed-chunk-51-1.pdf Graphic file (type pdf)

<use figure/unnamed-chunk-51-1.pdf>
Package pdftex.def Info: figure/unnamed-chunk-51-1.pdf used on input line 1339.

(pdftex.def)             Requested size: 361.34912pt x 216.80946pt.
Package color Info: Redefining color shadecolor on input line 1350.

<figure/unnamed-chunk-52-1.pdf, id=552, 361.35pt x 216.81pt>
File: figure/unnamed-chunk-52-1.pdf Graphic file (type pdf)

<use figure/unnamed-chunk-52-1.pdf>
Package pdftex.def Info: figure/unnamed-chunk-52-1.pdf used on input line 1356.

(pdftex.def)             Requested size: 361.34912pt x 216.80946pt.
Package color Info: Redefining color shadecolor on input line 1372.
 [28

 <./figure/unnamed-chunk-47-1.pdf>]
[29 <./figure/unnamed-chunk-48-1.pdf> <./figure/unnamed-chunk-49-1.pdf>]
[30 <./figure/unnamed-chunk-50-1.pdf> <./figure/unnamed-chunk-51-1.pdf>]
Package color Info: Redefining color shadecolor on input line 1381.

<figure/unnamed-chunk-54-1.pdf, id=606, 289.08pt x 216.81pt>
File: figure/unnamed-chunk-54-1.pdf Graphic file (type pdf)

<use figure/unnamed-chunk-54-1.pdf>
Package pdftex.def Info: figure/unnamed-chunk-54-1.pdf used on input line 1387.

(pdftex.def)             Requested size: 289.07928pt x 216.81938pt.
Package color Info: Redefining color shadecolor on input line 1399.

<figure/unnamed-chunk-55-1.pdf, id=607, 505.89pt x 361.35pt>
File: figure/unnamed-chunk-55-1.pdf Graphic file (type pdf)

<use figure/unnamed-chunk-55-1.pdf>
Package pdftex.def Info: figure/unnamed-chunk-55-1.pdf used on input line 1408.

(pdftex.def)             Requested size: 505.88875pt x 361.35463pt.
Package color Info: Redefining color shadecolor on input line 1420.
 [31 <./figure/unnamed-chunk-52-1.pdf>]
[32 <./figure/unnamed-chunk-54-1.pdf> <./figure/unnamed-chunk-55-1.pdf>]
[33]
Package color Info: Redefining color shadecolor on input line 1485.
 <figure/unnamed-chunk-57-1.pdf, id=642, 1084.05pt x 505.89pt>
File: figure/unnamed-chunk-57-1.pdf Graphic file (type pdf)

<use figure/unnamed-chunk-57-1.pdf>
Package pdftex.def Info: figure/unnamed-chunk-57-1.pdf used on input line 1492.

(pdftex.def)             Requested size: 709.61174pt x 331.16353pt.
 [34

 <./figure/unnamed-chunk-57-1.pdf>]
Package color Info: Redefining color shadecolor on input line 1506.
Package color Info: Redefining color shadecolor on input line 1518.
Package color Info: Redefining color shadecolor on input line 1527.
Package color Info: Redefining color shadecolor on input line 1596.
Package color Info: Redefining color shadecolor on input line 1637.

[35

]
Overfull \hbox (8.28851pt too wide) in paragraph at lines 1679--1680
[][]\OT1/cmtt/m/n/12 xtable[][](res.ado_Tree_sampMin30[][]$[][]aov.tab,[] []cap
tion[] []=[] []"Result of the permanova on abundances[] 
 []

[36] [37]
Package color Info: Redefining color shadecolor on input line 1733.
 <figure/unnamed-chunk-69-1.pdf, id=672, 1084.05pt x 505.89pt>
File: figure/unnamed-chunk-69-1.pdf Graphic file (type pdf)

<use figure/unnamed-chunk-69-1.pdf>
Package pdftex.def Info: figure/unnamed-chunk-69-1.pdf used on input line 1742.

(pdftex.def)             Requested size: 709.61174pt x 331.16353pt.
 [38

 <./figure/unnamed-chunk-69-1.pdf>]
Package color Info: Redefining color shadecolor on input line 1755.

<figure/unnamed-chunk-70-1.pdf, id=684, 1084.05pt x 505.89pt>
File: figure/unnamed-chunk-70-1.pdf Graphic file (type pdf)

<use figure/unnamed-chunk-70-1.pdf>
Package pdftex.def Info: figure/unnamed-chunk-70-1.pdf used on input line 1763.

(pdftex.def)             Requested size: 709.61174pt x 331.16353pt.
 [39


 <./figure/unnamed-chunk-70-1.pdf>]
Package color Info: Redefining color shadecolor on input line 1779.
Package color Info: Redefining color shadecolor on input line 1796.

<figure/unnamed-chunk-72-1.pdf, id=695, 650.43pt x 361.35pt>
File: figure/unnamed-chunk-72-1.pdf Graphic file (type pdf)

<use figure/unnamed-chunk-72-1.pdf>
Package pdftex.def Info: figure/unnamed-chunk-72-1.pdf used on input line 1805.

(pdftex.def)             Requested size: 528.93675pt x 293.87735pt.
Package color Info: Redefining color shadecolor on input line 1816.

<figure/unnamed-chunk-73-1.pdf, id=696, 650.43pt x 361.35pt>
File: figure/unnamed-chunk-73-1.pdf Graphic file (type pdf)

<use figure/unnamed-chunk-73-1.pdf>
Package pdftex.def Info: figure/unnamed-chunk-73-1.pdf used on input line 1825.

(pdftex.def)             Requested size: 528.93675pt x 293.87735pt.
 [40

 <./figure/unnamed-chunk-72-1.pdf>]
[41 <./figure/unnamed-chunk-73-1.pdf>]
Package color Info: Redefining color shadecolor on input line 1837.

<figure/unnamed-chunk-74-1.pdf, id=717, 1084.05pt x 505.89pt>
File: figure/unnamed-chunk-74-1.pdf Graphic file (type pdf)

<use figure/unnamed-chunk-74-1.pdf>
Package pdftex.def Info: figure/unnamed-chunk-74-1.pdf used on input line 1846.

(pdftex.def)             Requested size: 709.61174pt x 331.16353pt.
 [42

 <./figure/unnamed-chunk-74-1.pdf>]
Overfull \hbox (118.26768pt too wide) in paragraph at lines 1862--2396
 [][] 
 []


LaTeX Warning: Float too large for page by 3005.08823pt on input line 2397.

Package color Info: Redefining color shadecolor on input line 2403.
Package color Info: Redefining color shadecolor on input line 2446.

Overfull \hbox (379.35591pt too wide) in paragraph at lines 2461--2461
[][]\OT1/cmtt/m/n/10.95 data.f3_interm[][]@[][]otu_table[] []<-[] []otu_table[]
[]([][]apply[][](data.f3[][]@[][]otu_table[][],[] []2[][],[] []function[][]([][
]x[][])[] []tapply[][](x,[] []as.factor[][](data.f3[][]@[][]tax_table[][][,[][]
"Species"[][]]), sum)),[] []taxa_are_rows[] []=[] []TRUE[][])[][] 
 []


Overfull \hbox (339.1151pt too wide) in paragraph at lines 2462--2462
[][]\OT1/cmtt/m/n/10.95 data.f3_interm[][]@[][]tax_table[] []<-[] []tax_table[]
[]([][]apply[][](data.f3[][]@[][]tax_table[][],[] []2[][],[] []function[][]([][
]x[][])[] []tapply[][](x,[] []as.factor[][](data.f3[][]@[][]tax_table[][][,[][]
"Species"[][]]),[] []function[][]([][]xx[][]) xx[[][]1[][]])))[][] 
 []


Overfull \hbox (74.67546pt too wide) in paragraph at lines 2465--2465
[][]\OT1/cmtt/m/n/10.95 data.f3_interm[] []<-[] []subset_taxa[][](data.f3_inter
m,[] []![][]grepl[][]([][]"uncultured"[][], data.f3_interm[][]@[][]tax_table[][
][,[][]"Species"[][]]))[][] 
 []


Overfull \hbox (34.43465pt too wide) in paragraph at lines 2466--2466
[][]\OT1/cmtt/m/n/10.95 data.f3_interm[] []<-[] []subset_taxa[][](data.f3_inter
m,[] []![][]grepl[][]([][]"sp$"[][], data.f3_interm[][]@[][]tax_table[][][,[][]
"Species"[][]]))[][] 
 []


Overfull \hbox (80.42415pt too wide) in paragraph at lines 2467--2467
[][]\OT1/cmtt/m/n/10.95 data.f3_interm[] []<-[] []subset_taxa[][](data.f3_inter
m,[] []![][]grepl[][]([][]"unidentified"[][], data.f3_interm[][]@[][]tax_table[
][][,[][]"Family"[][]]))[][] 
 []


Overfull \hbox (74.67546pt too wide) in paragraph at lines 2468--2468
[][]\OT1/cmtt/m/n/10.95 data.f3_interm[] []<-[] []subset_taxa[][](data.f3_inter
m,[] []![][]grepl[][]([][]"unidentified"[][], data.f3_interm[][]@[][]tax_table[
][][,[][]"Order"[][]]))[][] 
 []


Overfull \hbox (74.67546pt too wide) in paragraph at lines 2469--2469
[][]\OT1/cmtt/m/n/10.95 data.f3_interm[] []<-[] []subset_taxa[][](data.f3_inter
m,[] []![][]grepl[][]([][]"unidentified"[][], data.f3_interm[][]@[][]tax_table[
][][,[][]"Class"[][]]))[][] 
 []


Overfull \hbox (97.67021pt too wide) in paragraph at lines 2470--2470
[][]\OT1/cmtt/m/n/10.95 data.f3_interm[] []<-[] []subset_taxa[][](data.f3_inter
m,[] []![][]grepl[][]([][]"Myxotrichaceae"[][], data.f3_interm[][]@[][]tax_tabl
e[][][,[][]"Species"[][]]))[][] 
 []


Overfull \hbox (321.86903pt too wide) in paragraph at lines 2477--2477
[][]\OT1/cmtt/m/n/10.95 tree_tax_interm[] []<-[] []as.data.frame[][]([][]replac
e[][]([][]as.matrix[][](tree_tax_interm),[] []which[][]([][]is.na[][](tree_tax_
interm)),[] []as.character[][]([][]c[][]([][]1[][]:[][]sum[][]([][]is.na[][](tr
ee_tax_interm))))))[][] 
 []


Overfull \hbox (540.31917pt too wide) in paragraph at lines 2502--2502
[][]\OT1/cmtt/m/n/10.95 ptree[] []<-[] []plot_tree[][](data.f3_interm,[] []colo
r[] []=[] []"Class"[][],[] []shape[] []=[] []"Sites"[][],[] []ladderize[] []=[]
 []"left"[][],[] []justify[] []=[] []"left"[] [],[] []size[] []=[] []"Abundance
"[][],[] []sizebase[] []=[] []2[][],[] []min.abundance[] []=[] []10000[][],[]  
[]base.spacing[] []=[] []0.08[][])[][] 
 []


Overfull \hbox (28.68596pt too wide) in paragraph at lines 2504--2504
[][]\OT1/cmtt/m/n/10.95 cond[] []<-[] []gsub[][]([][]","[][],[] []""[][],[] []r
ownames[][](data.f3_interm[][]@[][]otu_table[][])[[][]rowSums[][](data.f3_inter
m[][]@[][]otu_table[][])[] []>=[] []1[][]])[][] 
 []


Overfull \hbox (137.91103pt too wide) in paragraph at lines 2511--2511
[][]\OT1/cmtt/m/n/10.95 df_cond_Deseq[][]$[][]Species[] []<-[] []data.f3_interm
[][]@[][]tax_table[][][[][]gsub[][]([][]"_"[][],[] []" "[][],[] []taxa_names[][
](data.f3_interm))[] []%in%[] []cond_Deseq,[][]"OTUs"[][]][][] 
 []


Overfull \hbox (206.89528pt too wide) in paragraph at lines 2513--2513
[][]\OT1/cmtt/m/n/10.95 ptree[] []+[] []geom_text[][]([][]data[] []= df_cond,[]
 []aes[][]([][]x[] []=[] []215[][],[] []y[] []= y,[] []label[] []= OTU),[] []hj
ust[] []=[] []"left"[][])[] []+[] []scale_shape_manual[][]([][]values[] []=[] [
]c[][]([][]16[][],[] []16[][],[] []16[][]))[][] 
 []


Overfull \hbox (28.68596pt too wide) in paragraph at lines 2515--2515
[][]\OT1/cmtt/m/n/10.95 sum[][]([][]![][]is.na[][]([][]match[][]([][]gsub[][]([
][]"_"[][],[] []" "[][], data.f3[][]@[][]tax_table[][][,[][]"Species"[][]]),[] 
[]gsub[][]([][]"_"[][],[] []" "[][], tree[][]$[][]tip.label))))[][] 
 []


Overfull \hbox (281.62822pt too wide) in paragraph at lines 2521--2521
[][]\OT1/cmtt/m/n/10.95 sum[][]([][]rowSums[][](data.f3[][]@[][]otu_table[][])[
[][]gsub[][]([][]"_"[][],[] []" "[][], data.f3[][]@[][]tax_table[][][,[][]"Spec
ies"[][]])[] []%in%[] []gsub[][]([][]"_"[][],[] []" "[][], tree[][]$[][]tip.lab
el)])[][]/[][]sum[][](data.f3[][]@[][]otu_table[][])[][]*[][]100[][] 
 []

[43

] <figure/unnamed-chunk-78-1.pdf, id=733, 505.89pt x 505.89pt>
File: figure/unnamed-chunk-78-1.pdf Graphic file (type pdf)

<use figure/unnamed-chunk-78-1.pdf>
Package pdftex.def Info: figure/unnamed-chunk-78-1.pdf used on input line 2528.

(pdftex.def)             Requested size: 505.88875pt x 505.89645pt.
Package color Info: Redefining color shadecolor on input line 2537.
 [44]
Overfull \hbox (712.7798pt too wide) in paragraph at lines 2539--2539
[][]\OT1/cmtt/m/n/10.95 ptree[] []+[] []geom_text[][]([][]data[] []= df_cond,[]
 []aes[][]([][]x[] []=[] []585[][],[] []y[] []= y,[] []label[] []= OTU),[] []hj
ust[] []=[] []"left"[][])[] []+[] []scale_shape_manual[][]([][]values[] []=[] [
]c[][]([][]16[][],[] []16[][],[] []16[][]))[] []+[] []geom_text[][]([][]data[] 
[]= df_cond_Deseq,[] []aes[][]([][]x[] []=[] []580[][],[] []y[] []= y[][]-[][]0
.2[][]),[] []label[] []=[] []"*"[][],[] []hjust[] []=[] []"left"[][])[][] 
 []

<figure/unnamed-chunk-79-1.pdf, id=738, 505.89pt x 505.89pt>
File: figure/unnamed-chunk-79-1.pdf Graphic file (type pdf)

<use figure/unnamed-chunk-79-1.pdf>
Package pdftex.def Info: figure/unnamed-chunk-79-1.pdf used on input line 2544.

(pdftex.def)             Requested size: 505.88875pt x 505.89645pt.
 [45 <./figure/unnamed-chunk-78-1.pdf>]
[46 <./figure/unnamed-chunk-79-1.pdf>] [47] [48] [49] (./S6.lof)
\tf@lof=\write5
\openout5 = `S6.lof'.

 (./S6.lot
[50

])
\tf@lot=\write6
\openout6 = `S6.lot'.

Package atveryend Info: Empty hook `BeforeClearDocument' on input line 2594.
 [51]
Package atveryend Info: Empty hook `AfterLastShipout' on input line 2594.
 (./S6.aux)
Package atveryend Info: Executing hook `AtVeryEndDocument' on input line 2594.
Package atveryend Info: Executing hook `AtEndAfterFileList' on input line 2594.

Package rerunfilecheck Info: File `S6.out' has not changed.
(rerunfilecheck)             Checksum: 7D2B0299F7B2E035633CF6F96370A26F;3755.
Package atveryend Info: Empty hook `AtVeryVeryEnd' on input line 2594.
 ) 
Here is how much of TeX's memory you used:
 8810 strings out of 494433
 131368 string characters out of 6170337
 469876 words of memory out of 5000000
 11895 multiletter control sequences out of 15000+600000
 21972 words of font info for 82 fonts, out of 8000000 for 9000
 286 hyphenation exceptions out of 8191
 36i,10n,39p,1053b,422s stack positions out of 5000i,500n,10000p,200000b,80000s
</usr/share/texlive/texmf-dist/fonts/type1/public/amsfonts/cm/cmbx10.pfb></us
r/share/texlive/texmf-dist/fonts/type1/public/amsfonts/cm/cmbx12.pfb></usr/shar
e/texlive/texmf-dist/fonts/type1/public/amsfonts/cm/cmitt10.pfb></usr/share/tex
live/texmf-dist/fonts/type1/public/amsfonts/cm/cmmi12.pfb></usr/share/texlive/t
exmf-dist/fonts/type1/public/amsfonts/cm/cmr10.pfb></usr/share/texlive/texmf-di
st/fonts/type1/public/amsfonts/cm/cmr12.pfb></usr/share/texlive/texmf-dist/font
s/type1/public/amsfonts/cm/cmr17.pfb></usr/share/texlive/texmf-dist/fonts/type1
/public/amsfonts/cm/cmr6.pfb></usr/share/texlive/texmf-dist/fonts/type1/public/
amsfonts/cm/cmr8.pfb></usr/share/texlive/texmf-dist/fonts/type1/public/amsfonts
/cm/cmsy10.pfb></usr/share/texlive/texmf-dist/fonts/type1/public/amsfonts/cm/cm
sy7.pfb></usr/share/texlive/texmf-dist/fonts/type1/public/amsfonts/cm/cmti10.pf
b></usr/share/texlive/texmf-dist/fonts/type1/public/amsfonts/cm/cmti12.pfb></us
r/share/texlive/texmf-dist/fonts/type1/public/amsfonts/cm/cmtt10.pfb></usr/shar
e/texlive/texmf-dist/fonts/type1/public/amsfonts/cm/cmtt12.pfb></usr/share/texl
ive/texmf-dist/fonts/type1/public/amsfonts/cm/cmtt8.pfb>
Output written on S6.pdf (51 pages, 1659510 bytes).
PDF statistics:
 928 PDF objects out of 1000 (max. 8388607)
 783 compressed objects within 8 object streams
 147 named destinations out of 1000 (max. 500000)
 531 words of extra memory for PDF output out of 10000 (max. 10000000)

